501 5.553726e-01
1.000000e+00 1.000000e+00 1.000000e+00
0.000000e+00 0.000000e+00 -nan(ind) 5.000000e-01 7.166667e-01
0.000000e+00 1.562500e-03 -nan(ind) 4.999398e-01 7.166332e-01
0.000000e+00 3.125000e-03 -nan(ind) 4.997591e-01 7.165328e-01
0.000000e+00 4.687500e-03 -nan(ind) 4.994581e-01 7.163655e-01
0.000000e+00 6.250000e-03 -nan(ind) 4.990369e-01 7.161314e-01
0.000000e+00 7.812500e-03 -nan(ind) 4.984959e-01 7.158305e-01
0.000000e+00 9.375000e-03 -nan(ind) 4.978353e-01 7.154628e-01
0.000000e+00 1.093750e-02 -nan(ind) 4.970555e-01 7.150286e-01
0.000000e+00 1.250000e-02 -nan(ind) 4.961571e-01 7.145279e-01
0.000000e+00 1.406250e-02 -nan(ind) 4.951404e-01 7.139608e-01
0.000000e+00 1.562500e-02 -nan(ind) 4.940063e-01 7.133275e-01
0.000000e+00 1.718750e-02 -nan(ind) 4.927552e-01 7.126282e-01
0.000000e+00 1.875000e-02 -nan(ind) 4.913881e-01 7.118630e-01
0.000000e+00 2.031250e-02 -nan(ind) 4.899056e-01 7.110322e-01
0.000000e+00 2.187500e-02 -nan(ind) 4.883088e-01 7.101359e-01
0.000000e+00 2.343750e-02 -nan(ind) 4.865986e-01 7.091745e-01
0.000000e+00 2.500000e-02 -nan(ind) 4.847759e-01 7.081481e-01
0.000000e+00 2.656250e-02 -nan(ind) 4.828420e-01 7.070571e-01
0.000000e+00 2.812500e-02 -nan(ind) 4.807979e-01 7.059018e-01
0.000000e+00 2.968750e-02 -nan(ind) 4.786449e-01 7.046823e-01
0.000000e+00 3.125000e-02 -nan(ind) 4.763843e-01 7.033992e-01
0.000000e+00 3.281250e-02 -nan(ind) 4.740174e-01 7.020527e-01
0.000000e+00 3.437500e-02 -nan(ind) 4.715457e-01 7.006431e-01
0.000000e+00 3.593750e-02 -nan(ind) 4.689707e-01 6.991710e-01
0.000000e+00 3.750000e-02 -nan(ind) 4.662939e-01 6.976365e-01
0.000000e+00 3.906250e-02 -nan(ind) 4.635170e-01 6.960403e-01
0.000000e+00 4.062500e-02 -nan(ind) 4.606415e-01 6.943826e-01
0.000000e+00 4.218750e-02 -nan(ind) 4.576693e-01 6.926640e-01
0.000000e+00 4.375000e-02 -nan(ind) 4.546021e-01 6.908849e-01
0.000000e+00 4.531250e-02 -nan(ind) 4.514418e-01 6.890457e-01
0.000000e+00 4.687500e-02 nan 4.481902e-01 6.871470e-01
0.000000e+00 4.843750e-02 nan 4.448494e-01 6.851893e-01
0.000000e+00 5.000000e-02 nan 4.414214e-01 6.831730e-01
1.562500e-03 0.000000e+00 -nan(ind) 5.049079e-01 7.165305e-01
1.562500e-03 1.562500e-03 -nan(ind) -nan(ind) -nan(ind)
1.562500e-03 3.125000e-03 -nan(ind) -nan(ind) -nan(ind)
1.562500e-03 4.687500e-03 -nan(ind) -nan(ind) -nan(ind)
1.562500e-03 6.250000e-03 -nan(ind) -nan(ind) -nan(ind)
1.562500e-03 7.812500e-03 -nan(ind) -nan(ind) -nan(ind)
1.562500e-03 9.375000e-03 -nan(ind) -nan(ind) -nan(ind)
1.562500e-03 1.093750e-02 -nan(ind) -nan(ind) -nan(ind)
1.562500e-03 1.250000e-02 -nan(ind) -nan(ind) -nan(ind)
1.562500e-03 1.406250e-02 -nan(ind) -nan(ind) -nan(ind)
1.562500e-03 1.562500e-02 -nan(ind) -nan(ind) -nan(ind)
1.562500e-03 1.718750e-02 -nan(ind) -nan(ind) -nan(ind)
1.562500e-03 1.875000e-02 -nan(ind) -nan(ind) -nan(ind)
1.562500e-03 2.031250e-02 -nan(ind) -nan(ind) -nan(ind)
1.562500e-03 2.187500e-02 -nan(ind) -nan(ind) -nan(ind)
1.562500e-03 2.343750e-02 -nan(ind) -nan(ind) -nan(ind)
1.562500e-03 2.500000e-02 -nan(ind) -nan(ind) -nan(ind)
1.562500e-03 2.656250e-02 -nan(ind) -nan(ind) -nan(ind)
1.562500e-03 2.812500e-02 -nan(ind) -nan(ind) -nan(ind)
1.562500e-03 2.968750e-02 -nan(ind) -nan(ind) -nan(ind)
1.562500e-03 3.125000e-02 -nan(ind) -nan(ind) -nan(ind)
1.562500e-03 3.281250e-02 -nan(ind) -nan(ind) -nan(ind)
1.562500e-03 3.437500e-02 -nan(ind) -nan(ind) -nan(ind)
1.562500e-03 3.593750e-02 -nan(ind) -nan(ind) -nan(ind)
1.562500e-03 3.750000e-02 -nan(ind) -nan(ind) -nan(ind)
1.562500e-03 3.906250e-02 -nan(ind) -nan(ind) -nan(ind)
1.562500e-03 4.062500e-02 -nan(ind) -nan(ind) -nan(ind)
1.562500e-03 4.218750e-02 -nan(ind) -nan(ind) -nan(ind)
1.562500e-03 4.375000e-02 -nan(ind) -nan(ind) -nan(ind)
1.562500e-03 4.531250e-02 -nan(ind) -nan(ind) nan
1.562500e-03 4.687500e-02 nan -nan(ind) -nan(ind)
1.562500e-03 4.843750e-02 nan -nan(ind) nan
1.562500e-03 5.000000e-02 nan 4.561442e-01 6.829833e-01
3.125000e-03 0.000000e+00 -nan(ind) 5.098105e-01 7.161222e-01
3.125000e-03 1.562500e-03 -nan(ind) -nan(ind) -nan(ind)
3.125000e-03 3.125000e-03 -nan(ind) -nan(ind) -nan(ind)
3.125000e-03 4.687500e-03 -nan(ind) -nan(ind) -nan(ind)
3.125000e-03 6.250000e-03 -nan(ind) -nan(ind) -nan(ind)
3.125000e-03 7.812500e-03 -nan(ind) -nan(ind) -nan(ind)
3.125000e-03 9.375000e-03 -nan(ind) -nan(ind) -nan(ind)
3.125000e-03 1.093750e-02 -nan(ind) -nan(ind) -nan(ind)
3.125000e-03 1.250000e-02 -nan(ind) -nan(ind) -nan(ind)
3.125000e-03 1.406250e-02 -nan(ind) -nan(ind) -nan(ind)
3.125000e-03 1.562500e-02 -nan(ind) -nan(ind) -nan(ind)
3.125000e-03 1.718750e-02 -nan(ind) -nan(ind) -nan(ind)
3.125000e-03 1.875000e-02 -nan(ind) -nan(ind) -nan(ind)
3.125000e-03 2.031250e-02 -nan(ind) -nan(ind) -nan(ind)
3.125000e-03 2.187500e-02 -nan(ind) -nan(ind) -nan(ind)
3.125000e-03 2.343750e-02 -nan(ind) -nan(ind) -nan(ind)
3.125000e-03 2.500000e-02 -nan(ind) -nan(ind) -nan(ind)
3.125000e-03 2.656250e-02 -nan(ind) -nan(ind) -nan(ind)
3.125000e-03 2.812500e-02 -nan(ind) -nan(ind) -nan(ind)
3.125000e-03 2.968750e-02 -nan(ind) -nan(ind) -nan(ind)
3.125000e-03 3.125000e-02 -nan(ind) -nan(ind) -nan(ind)
3.125000e-03 3.281250e-02 -nan(ind) -nan(ind) -nan(ind)
3.125000e-03 3.437500e-02 -nan(ind) -nan(ind) -nan(ind)
3.125000e-03 3.593750e-02 -nan(ind) -nan(ind) -nan(ind)
3.125000e-03 3.750000e-02 -nan(ind) -nan(ind) -nan(ind)
3.125000e-03 3.906250e-02 -nan(ind) -nan(ind) -nan(ind)
3.125000e-03 4.062500e-02 -nan(ind) -nan(ind) -nan(ind)
3.125000e-03 4.218750e-02 -nan(ind) -nan(ind) -nan(ind)
3.125000e-03 4.375000e-02 -nan(ind) -nan(ind) -nan(ind)
3.125000e-03 4.531250e-02 nan -nan(ind) -nan(ind)
3.125000e-03 4.687500e-02 nan -nan(ind) -nan(ind)
3.125000e-03 4.843750e-02 nan -nan(ind) nan
3.125000e-03 5.000000e-02 nan 4.708466e-01 6.824145e-01
4.687500e-03 0.000000e+00 -nan(ind) 5.147026e-01 7.154425e-01
4.687500e-03 1.562500e-03 -nan(ind) -nan(ind) -nan(ind)
4.687500e-03 3.125000e-03 -nan(ind) -nan(ind) -nan(ind)
4.687500e-03 4.687500e-03 -nan(ind) -nan(ind) -nan(ind)
4.687500e-03 6.250000e-03 -nan(ind) -nan(ind) -nan(ind)
4.687500e-03 7.812500e-03 -nan(ind) -nan(ind) -nan(ind)
4.687500e-03 9.375000e-03 -nan(ind) -nan(ind) -nan(ind)
4.687500e-03 1.093750e-02 -nan(ind) -nan(ind) -nan(ind)
4.687500e-03 1.250000e-02 -nan(ind) -nan(ind) -nan(ind)
4.687500e-03 1.406250e-02 -nan(ind) -nan(ind) -nan(ind)
4.687500e-03 1.562500e-02 -nan(ind) -nan(ind) -nan(ind)
4.687500e-03 1.718750e-02 -nan(ind) -nan(ind) -nan(ind)
4.687500e-03 1.875000e-02 -nan(ind) -nan(ind) -nan(ind)
4.687500e-03 2.031250e-02 -nan(ind) -nan(ind) -nan(ind)
4.687500e-03 2.187500e-02 -nan(ind) -nan(ind) -nan(ind)
4.687500e-03 2.343750e-02 -nan(ind) -nan(ind) -nan(ind)
4.687500e-03 2.500000e-02 -nan(ind) -nan(ind) -nan(ind)
4.687500e-03 2.656250e-02 -nan(ind) -nan(ind) -nan(ind)
4.687500e-03 2.812500e-02 -nan(ind) -nan(ind) -nan(ind)
4.687500e-03 2.968750e-02 -nan(ind) -nan(ind) -nan(ind)
4.687500e-03 3.125000e-02 -nan(ind) -nan(ind) -nan(ind)
4.687500e-03 3.281250e-02 -nan(ind) -nan(ind) -nan(ind)
4.687500e-03 3.437500e-02 -nan(ind) -nan(ind) -nan(ind)
4.687500e-03 3.593750e-02 -nan(ind) -nan(ind) -nan(ind)
4.687500e-03 3.750000e-02 -nan(ind) -nan(ind) -nan(ind)
4.687500e-03 3.906250e-02 -nan(ind) -nan(ind) -nan(ind)
4.687500e-03 4.062500e-02 -nan(ind) -nan(ind) -nan(ind)
4.687500e-03 4.218750e-02 -nan(ind) -nan(ind) -nan(ind)
4.687500e-03 4.375000e-02 -nan(ind) -nan(ind) -nan(ind)
4.687500e-03 4.531250e-02 nan -nan(ind) nan
4.687500e-03 4.687500e-02 nan -nan(ind) -nan(ind)
4.687500e-03 4.843750e-02 nan -nan(ind) nan
4.687500e-03 5.000000e-02 nan 4.855083e-01 6.814674e-01
6.250000e-03 0.000000e+00 -nan(ind) 5.195789e-01 7.144925e-01
6.250000e-03 1.562500e-03 -nan(ind) -nan(ind) -nan(ind)
6.250000e-03 3.125000e-03 -nan(ind) -nan(ind) -nan(ind)
6.250000e-03 4.687500e-03 -nan(ind) -nan(ind) -nan(ind)
6.250000e-03 6.250000e-03 -nan(ind) -nan(ind) -nan(ind)
6.250000e-03 7.812500e-03 -nan(ind) -nan(ind) -nan(ind)
6.250000e-03 9.375000e-03 -nan(ind) -nan(ind) -nan(ind)
6.250000e-03 1.093750e-02 -nan(ind) -nan(ind) -nan(ind)
6.250000e-03 1.250000e-02 -nan(ind) -nan(ind) -nan(ind)
6.250000e-03 1.406250e-02 -nan(ind) -nan(ind) -nan(ind)
6.250000e-03 1.562500e-02 -nan(ind) -nan(ind) -nan(ind)
6.250000e-03 1.718750e-02 -nan(ind) -nan(ind) -nan(ind)
6.250000e-03 1.875000e-02 -nan(ind) -nan(ind) -nan(ind)
6.250000e-03 2.031250e-02 -nan(ind) -nan(ind) -nan(ind)
6.250000e-03 2.187500e-02 -nan(ind) -nan(ind) -nan(ind)
6.250000e-03 2.343750e-02 -nan(ind) -nan(ind) -nan(ind)
6.250000e-03 2.500000e-02 -nan(ind) -nan(ind) -nan(ind)
6.250000e-03 2.656250e-02 -nan(ind) -nan(ind) -nan(ind)
6.250000e-03 2.812500e-02 -nan(ind) -nan(ind) -nan(ind)
6.250000e-03 2.968750e-02 -nan(ind) -nan(ind) -nan(ind)
6.250000e-03 3.125000e-02 -nan(ind) -nan(ind) -nan(ind)
6.250000e-03 3.281250e-02 -nan(ind) -nan(ind) -nan(ind)
6.250000e-03 3.437500e-02 -nan(ind) -nan(ind) -nan(ind)
6.250000e-03 3.593750e-02 -nan(ind) -nan(ind) -nan(ind)
6.250000e-03 3.750000e-02 -nan(ind) -nan(ind) -nan(ind)
6.250000e-03 3.906250e-02 -nan(ind) -nan(ind) -nan(ind)
6.250000e-03 4.062500e-02 -nan(ind) -nan(ind) -nan(ind)
6.250000e-03 4.218750e-02 -nan(ind) -nan(ind) -nan(ind)
6.250000e-03 4.375000e-02 -nan(ind) -nan(ind) -nan(ind)
6.250000e-03 4.531250e-02 nan -nan(ind) nan
6.250000e-03 4.687500e-02 nan -nan(ind) -nan(ind)
6.250000e-03 4.843750e-02 nan -nan(ind) nan
6.250000e-03 5.000000e-02 nan 5.001089e-01 6.801433e-01
7.812500e-03 0.000000e+00 -nan(ind) 5.244343e-01 7.132737e-01
7.812500e-03 1.562500e-03 -nan(ind) -nan(ind) -nan(ind)
7.812500e-03 3.125000e-03 -nan(ind) -nan(ind) -nan(ind)
7.812500e-03 4.687500e-03 -nan(ind) -nan(ind) -nan(ind)
7.812500e-03 6.250000e-03 -nan(ind) -nan(ind) -nan(ind)
7.812500e-03 7.812500e-03 -nan(ind) -nan(ind) -nan(ind)
7.812500e-03 9.375000e-03 -nan(ind) -nan(ind) -nan(ind)
7.812500e-03 1.093750e-02 -nan(ind) -nan(ind) -nan(ind)
7.812500e-03 1.250000e-02 -nan(ind) -nan(ind) -nan(ind)
7.812500e-03 1.406250e-02 -nan(ind) -nan(ind) -nan(ind)
7.812500e-03 1.562500e-02 -nan(ind) -nan(ind) -nan(ind)
7.812500e-03 1.718750e-02 -nan(ind) -nan(ind) -nan(ind)
7.812500e-03 1.875000e-02 -nan(ind) -nan(ind) -nan(ind)
7.812500e-03 2.031250e-02 -nan(ind) -nan(ind) -nan(ind)
7.812500e-03 2.187500e-02 -nan(ind) -nan(ind) -nan(ind)
7.812500e-03 2.343750e-02 -nan(ind) -nan(ind) -nan(ind)
7.812500e-03 2.500000e-02 -nan(ind) -nan(ind) -nan(ind)
7.812500e-03 2.656250e-02 -nan(ind) -nan(ind) -nan(ind)
7.812500e-03 2.812500e-02 -nan(ind) -nan(ind) -nan(ind)
7.812500e-03 2.968750e-02 -nan(ind) -nan(ind) -nan(ind)
7.812500e-03 3.125000e-02 -nan(ind) -nan(ind) -nan(ind)
7.812500e-03 3.281250e-02 -nan(ind) -nan(ind) -nan(ind)
7.812500e-03 3.437500e-02 -nan(ind) -nan(ind) -nan(ind)
7.812500e-03 3.593750e-02 -nan(ind) -nan(ind) -nan(ind)
7.812500e-03 3.750000e-02 -nan(ind) -nan(ind) -nan(ind)
7.812500e-03 3.906250e-02 -nan(ind) -nan(ind) -nan(ind)
7.812500e-03 4.062500e-02 -nan(ind) -nan(ind) -nan(ind)
7.812500e-03 4.218750e-02 -nan(ind) -nan(ind) -nan(ind)
7.812500e-03 4.375000e-02 -nan(ind) -nan(ind) -nan(ind)
7.812500e-03 4.531250e-02 nan -nan(ind) nan
7.812500e-03 4.687500e-02 nan -nan(ind) -nan(ind)
7.812500e-03 4.843750e-02 nan -nan(ind) nan
7.812500e-03 5.000000e-02 nan 5.146283e-01 6.784444e-01
9.375000e-03 0.000000e+00 -nan(ind) 5.292635e-01 7.117881e-01
9.375000e-03 1.562500e-03 -nan(ind) -nan(ind) -nan(ind)
9.375000e-03 3.125000e-03 -nan(ind) -nan(ind) -nan(ind)
9.375000e-03 4.687500e-03 -nan(ind) -nan(ind) -nan(ind)
9.375000e-03 6.250000e-03 -nan(ind) -nan(ind) -nan(ind)
9.375000e-03 7.812500e-03 -nan(ind) -nan(ind) -nan(ind)
9.375000e-03 9.375000e-03 -nan(ind) -nan(ind) -nan(ind)
9.375000e-03 1.093750e-02 -nan(ind) -nan(ind) -nan(ind)
9.375000e-03 1.250000e-02 -nan(ind) -nan(ind) -nan(ind)
9.375000e-03 1.406250e-02 -nan(ind) -nan(ind) -nan(ind)
9.375000e-03 1.562500e-02 -nan(ind) -nan(ind) -nan(ind)
9.375000e-03 1.718750e-02 -nan(ind) -nan(ind) -nan(ind)
9.375000e-03 1.875000e-02 -nan(ind) -nan(ind) -nan(ind)
9.375000e-03 2.031250e-02 -nan(ind) -nan(ind) -nan(ind)
9.375000e-03 2.187500e-02 -nan(ind) -nan(ind) -nan(ind)
9.375000e-03 2.343750e-02 -nan(ind) -nan(ind) -nan(ind)
9.375000e-03 2.500000e-02 -nan(ind) -nan(ind) -nan(ind)
9.375000e-03 2.656250e-02 -nan(ind) -nan(ind) -nan(ind)
9.375000e-03 2.812500e-02 -nan(ind) -nan(ind) -nan(ind)
9.375000e-03 2.968750e-02 -nan(ind) -nan(ind) -nan(ind)
9.375000e-03 3.125000e-02 -nan(ind) -nan(ind) -nan(ind)
9.375000e-03 3.281250e-02 -nan(ind) -nan(ind) -nan(ind)
9.375000e-03 3.437500e-02 -nan(ind) -nan(ind) -nan(ind)
9.375000e-03 3.593750e-02 -nan(ind) -nan(ind) -nan(ind)
9.375000e-03 3.750000e-02 -nan(ind) -nan(ind) -nan(ind)
9.375000e-03 3.906250e-02 -nan(ind) -nan(ind) -nan(ind)
9.375000e-03 4.062500e-02 -nan(ind) -nan(ind) -nan(ind)
9.375000e-03 4.218750e-02 -nan(ind) -nan(ind) -nan(ind)
9.375000e-03 4.375000e-02 -nan(ind) -nan(ind) -nan(ind)
9.375000e-03 4.531250e-02 nan -nan(ind) nan
9.375000e-03 4.687500e-02 nan -nan(ind) -nan(ind)
9.375000e-03 4.843750e-02 nan -nan(ind) nan
9.375000e-03 5.000000e-02 nan 5.290462e-01 6.763730e-01
1.093750e-02 0.000000e+00 -nan(ind) 5.340614e-01 7.100382e-01
1.093750e-02 1.562500e-03 -nan(ind) -nan(ind) -nan(ind)
1.093750e-02 3.125000e-03 -nan(ind) -nan(ind) -nan(ind)
1.093750e-02 4.687500e-03 -nan(ind) -nan(ind) -nan(ind)
1.093750e-02 6.250000e-03 -nan(ind) -nan(ind) -nan(ind)
1.093750e-02 7.812500e-03 -nan(ind) -nan(ind) -nan(ind)
1.093750e-02 9.375000e-03 -nan(ind) -nan(ind) -nan(ind)
1.093750e-02 1.093750e-02 -nan(ind) -nan(ind) -nan(ind)
1.093750e-02 1.250000e-02 -nan(ind) -nan(ind) -nan(ind)
1.093750e-02 1.406250e-02 -nan(ind) -nan(ind) -nan(ind)
1.093750e-02 1.562500e-02 -nan(ind) -nan(ind) -nan(ind)
1.093750e-02 1.718750e-02 -nan(ind) -nan(ind) -nan(ind)
1.093750e-02 1.875000e-02 -nan(ind) -nan(ind) -nan(ind)
1.093750e-02 2.031250e-02 -nan(ind) -nan(ind) -nan(ind)
1.093750e-02 2.187500e-02 -nan(ind) -nan(ind) -nan(ind)
1.093750e-02 2.343750e-02 -nan(ind) -nan(ind) -nan(ind)
1.093750e-02 2.500000e-02 -nan(ind) -nan(ind) -nan(ind)
1.093750e-02 2.656250e-02 -nan(ind) -nan(ind) -nan(ind)
1.093750e-02 2.812500e-02 -nan(ind) -nan(ind) -nan(ind)
1.093750e-02 2.968750e-02 -nan(ind) -nan(ind) -nan(ind)
1.093750e-02 3.125000e-02 -nan(ind) -nan(ind) -nan(ind)
1.093750e-02 3.281250e-02 -nan(ind) -nan(ind) -nan(ind)
1.093750e-02 3.437500e-02 -nan(ind) -nan(ind) -nan(ind)
1.093750e-02 3.593750e-02 -nan(ind) -nan(ind) -nan(ind)
1.093750e-02 3.750000e-02 -nan(ind) -nan(ind) -nan(ind)
1.093750e-02 3.906250e-02 -nan(ind) -nan(ind) -nan(ind)
1.093750e-02 4.062500e-02 -nan(ind) -nan(ind) -nan(ind)
1.093750e-02 4.218750e-02 -nan(ind) -nan(ind) -nan(ind)
1.093750e-02 4.375000e-02 -nan(ind) -nan(ind) -nan(ind)
1.093750e-02 4.531250e-02 nan -nan(ind) nan
1.093750e-02 4.687500e-02 nan -nan(ind) -nan(ind)
1.093750e-02 4.843750e-02 nan -nan(ind) nan
1.093750e-02 5.000000e-02 nan 5.433429e-01 6.739323e-01
1.250000e-02 0.000000e+00 -nan(ind) 5.388229e-01 7.080268e-01
1.250000e-02 1.562500e-03 -nan(ind) -nan(ind) -nan(ind)
1.250000e-02 3.125000e-03 -nan(ind) -nan(ind) -nan(ind)
1.250000e-02 4.687500e-03 -nan(ind) -nan(ind) -nan(ind)
1.250000e-02 6.250000e-03 -nan(ind) -nan(ind) -nan(ind)
1.250000e-02 7.812500e-03 -nan(ind) -nan(ind) -nan(ind)
1.250000e-02 9.375000e-03 -nan(ind) -nan(ind) -nan(ind)
1.250000e-02 1.093750e-02 -nan(ind) -nan(ind) -nan(ind)
1.250000e-02 1.250000e-02 -nan(ind) -nan(ind) -nan(ind)
1.250000e-02 1.406250e-02 -nan(ind) -nan(ind) -nan(ind)
1.250000e-02 1.562500e-02 -nan(ind) -nan(ind) -nan(ind)
1.250000e-02 1.718750e-02 -nan(ind) -nan(ind) -nan(ind)
1.250000e-02 1.875000e-02 -nan(ind) -nan(ind) -nan(ind)
1.250000e-02 2.031250e-02 -nan(ind) -nan(ind) -nan(ind)
1.250000e-02 2.187500e-02 -nan(ind) -nan(ind) -nan(ind)
1.250000e-02 2.343750e-02 -nan(ind) -nan(ind) -nan(ind)
1.250000e-02 2.500000e-02 -nan(ind) -nan(ind) -nan(ind)
1.250000e-02 2.656250e-02 -nan(ind) -nan(ind) -nan(ind)
1.250000e-02 2.812500e-02 -nan(ind) -nan(ind) -nan(ind)
1.250000e-02 2.968750e-02 -nan(ind) -nan(ind) -nan(ind)
1.250000e-02 3.125000e-02 -nan(ind) -nan(ind) -nan(ind)
1.250000e-02 3.281250e-02 -nan(ind) -nan(ind) -nan(ind)
1.250000e-02 3.437500e-02 -nan(ind) -nan(ind) -nan(ind)
1.250000e-02 3.593750e-02 -nan(ind) -nan(ind) -nan(ind)
1.250000e-02 3.750000e-02 -nan(ind) -nan(ind) -nan(ind)
1.250000e-02 3.906250e-02 -nan(ind) -nan(ind) -nan(ind)
1.250000e-02 4.062500e-02 -nan(ind) -nan(ind) -nan(ind)
1.250000e-02 4.218750e-02 -nan(ind) -nan(ind) -nan(ind)
1.250000e-02 4.375000e-02 -nan(ind) -nan(ind) -nan(ind)
1.250000e-02 4.531250e-02 nan -nan(ind) nan
1.250000e-02 4.687500e-02 nan -nan(ind) -nan(ind)
1.250000e-02 4.843750e-02 nan -nan(ind) nan
1.250000e-02 5.000000e-02 nan 5.574985e-01 6.711257e-01
1.406250e-02 0.000000e+00 -nan(ind) 5.435427e-01 7.057571e-01
1.406250e-02 1.562500e-03 -nan(ind) -nan(ind) -nan(ind)
1.406250e-02 3.125000e-03 -nan(ind) -nan(ind) -nan(ind)
1.406250e-02 4.687500e-03 -nan(ind) -nan(ind) -nan(ind)
1.406250e-02 6.250000e-03 -nan(ind) -nan(ind) -nan(ind)
1.406250e-02 7.812500e-03 -nan(ind) -nan(ind) -nan(ind)
1.406250e-02 9.375000e-03 -nan(ind) -nan(ind) -nan(ind)
1.406250e-02 1.093750e-02 -nan(ind) -nan(ind) -nan(ind)
1.406250e-02 1.250000e-02 -nan(ind) -nan(ind) -nan(ind)
1.406250e-02 1.406250e-02 -nan(ind) -nan(ind) -nan(ind)
1.406250e-02 1.562500e-02 -nan(ind) -nan(ind) -nan(ind)
1.406250e-02 1.718750e-02 -nan(ind) -nan(ind) -nan(ind)
1.406250e-02 1.875000e-02 -nan(ind) -nan(ind) -nan(ind)
1.406250e-02 2.031250e-02 -nan(ind) -nan(ind) -nan(ind)
1.406250e-02 2.187500e-02 -nan(ind) -nan(ind) -nan(ind)
1.406250e-02 2.343750e-02 -nan(ind) -nan(ind) -nan(ind)
1.406250e-02 2.500000e-02 -nan(ind) -nan(ind) -nan(ind)
1.406250e-02 2.656250e-02 -nan(ind) -nan(ind) -nan(ind)
1.406250e-02 2.812500e-02 -nan(ind) -nan(ind) -nan(ind)
1.406250e-02 2.968750e-02 -nan(ind) -nan(ind) -nan(ind)
1.406250e-02 3.125000e-02 -nan(ind) -nan(ind) -nan(ind)
1.406250e-02 3.281250e-02 -nan(ind) -nan(ind) -nan(ind)
1.406250e-02 3.437500e-02 -nan(ind) -nan(ind) -nan(ind)
1.406250e-02 3.593750e-02 -nan(ind) -nan(ind) -nan(ind)
1.406250e-02 3.750000e-02 -nan(ind) -nan(ind) -nan(ind)
1.406250e-02 3.906250e-02 -nan(ind) -nan(ind) -nan(ind)
1.406250e-02 4.062500e-02 -nan(ind) -nan(ind) -nan(ind)
1.406250e-02 4.218750e-02 -nan(ind) -nan(ind) -nan(ind)
1.406250e-02 4.375000e-02 -nan(ind) -nan(ind) -nan(ind)
1.406250e-02 4.531250e-02 nan -nan(ind) nan
1.406250e-02 4.687500e-02 nan -nan(ind) -nan(ind)
1.406250e-02 4.843750e-02 nan -nan(ind) nan
1.406250e-02 5.000000e-02 nan 5.714933e-01 6.679575e-01
1.562500e-02 0.000000e+00 -nan(ind) 5.482159e-01 7.032330e-01
1.562500e-02 1.562500e-03 -nan(ind) -nan(ind) -nan(ind)
1.562500e-02 3.125000e-03 -nan(ind) -nan(ind) -nan(ind)
1.562500e-02 4.687500e-03 -nan(ind) -nan(ind) -nan(ind)
1.562500e-02 6.250000e-03 -nan(ind) -nan(ind) -nan(ind)
1.562500e-02 7.812500e-03 -nan(ind) -nan(ind) -nan(ind)
1.562500e-02 9.375000e-03 -nan(ind) -nan(ind) -nan(ind)
1.562500e-02 1.093750e-02 -nan(ind) -nan(ind) -nan(ind)
1.562500e-02 1.250000e-02 -nan(ind) -nan(ind) -nan(ind)
1.562500e-02 1.406250e-02 -nan(ind) -nan(ind) -nan(ind)
1.562500e-02 1.562500e-02 -nan(ind) -nan(ind) -nan(ind)
1.562500e-02 1.718750e-02 -nan(ind) -nan(ind) -nan(ind)
1.562500e-02 1.875000e-02 -nan(ind) -nan(ind) -nan(ind)
1.562500e-02 2.031250e-02 -nan(ind) -nan(ind) -nan(ind)
1.562500e-02 2.187500e-02 -nan(ind) -nan(ind) -nan(ind)
1.562500e-02 2.343750e-02 -nan(ind) -nan(ind) -nan(ind)
1.562500e-02 2.500000e-02 -nan(ind) -nan(ind) -nan(ind)
1.562500e-02 2.656250e-02 -nan(ind) -nan(ind) -nan(ind)
1.562500e-02 2.812500e-02 -nan(ind) -nan(ind) -nan(ind)
1.562500e-02 2.968750e-02 -nan(ind) -nan(ind) -nan(ind)
1.562500e-02 3.125000e-02 -nan(ind) -nan(ind) -nan(ind)
1.562500e-02 3.281250e-02 -nan(ind) -nan(ind) -nan(ind)
1.562500e-02 3.437500e-02 -nan(ind) -nan(ind) -nan(ind)
1.562500e-02 3.593750e-02 -nan(ind) -nan(ind) -nan(ind)
1.562500e-02 3.750000e-02 -nan(ind) -nan(ind) -nan(ind)
1.562500e-02 3.906250e-02 -nan(ind) -nan(ind) -nan(ind)
1.562500e-02 4.062500e-02 -nan(ind) -nan(ind) -nan(ind)
1.562500e-02 4.218750e-02 -nan(ind) -nan(ind) -nan(ind)
1.562500e-02 4.375000e-02 -nan(ind) -nan(ind) -nan(ind)
1.562500e-02 4.531250e-02 nan -nan(ind) nan
1.562500e-02 4.687500e-02 nan -nan(ind) -nan(ind)
1.562500e-02 4.843750e-02 nan -nan(ind) nan
1.562500e-02 5.000000e-02 nan 5.853081e-01 6.644324e-01
1.718750e-02 0.000000e+00 -nan(ind) 5.528375e-01 7.004585e-01
1.718750e-02 1.562500e-03 -nan(ind) -nan(ind) -nan(ind)
1.718750e-02 3.125000e-03 -nan(ind) -nan(ind) -nan(ind)
1.718750e-02 4.687500e-03 -nan(ind) -nan(ind) -nan(ind)
1.718750e-02 6.250000e-03 -nan(ind) -nan(ind) -nan(ind)
1.718750e-02 7.812500e-03 -nan(ind) -nan(ind) -nan(ind)
1.718750e-02 9.375000e-03 -nan(ind) -nan(ind) -nan(ind)
1.718750e-02 1.093750e-02 -nan(ind) -nan(ind) -nan(ind)
1.718750e-02 1.250000e-02 -nan(ind) -nan(ind) -nan(ind)
1.718750e-02 1.406250e-02 -nan(ind) -nan(ind) -nan(ind)
1.718750e-02 1.562500e-02 -nan(ind) -nan(ind) -nan(ind)
1.718750e-02 1.718750e-02 -nan(ind) -nan(ind) -nan(ind)
1.718750e-02 1.875000e-02 -nan(ind) -nan(ind) -nan(ind)
1.718750e-02 2.031250e-02 -nan(ind) -nan(ind) -nan(ind)
1.718750e-02 2.187500e-02 -nan(ind) -nan(ind) -nan(ind)
1.718750e-02 2.343750e-02 -nan(ind) -nan(ind) -nan(ind)
1.718750e-02 2.500000e-02 -nan(ind) -nan(ind) -nan(ind)
1.718750e-02 2.656250e-02 -nan(ind) -nan(ind) -nan(ind)
1.718750e-02 2.812500e-02 -nan(ind) -nan(ind) -nan(ind)
1.718750e-02 2.968750e-02 -nan(ind) -nan(ind) -nan(ind)
1.718750e-02 3.125000e-02 -nan(ind) -nan(ind) -nan(ind)
1.718750e-02 3.281250e-02 -nan(ind) -nan(ind) -nan(ind)
1.718750e-02 3.437500e-02 -nan(ind) -nan(ind) -nan(ind)
1.718750e-02 3.593750e-02 -nan(ind) -nan(ind) -nan(ind)
1.718750e-02 3.750000e-02 -nan(ind) -nan(ind) -nan(ind)
1.718750e-02 3.906250e-02 -nan(ind) -nan(ind) -nan(ind)
1.718750e-02 4.062500e-02 -nan(ind) -nan(ind) -nan(ind)
1.718750e-02 4.218750e-02 -nan(ind) -nan(ind) -nan(ind)
1.718750e-02 4.375000e-02 -nan(ind) -nan(ind) -nan(ind)
1.718750e-02 4.531250e-02 nan -nan(ind) nan
1.718750e-02 4.687500e-02 nan -nan(ind) -nan(ind)
1.718750e-02 4.843750e-02 nan -nan(ind) nan
1.718750e-02 5.000000e-02 nan 5.989238e-01 6.605554e-01
1.875000e-02 0.000000e+00 -nan(ind) 5.574025e-01 6.974381e-01
1.875000e-02 1.562500e-03 -nan(ind) -nan(ind) -nan(ind)
1.875000e-02 3.125000e-03 -nan(ind) -nan(ind) -nan(ind)
1.875000e-02 4.687500e-03 -nan(ind) -nan(ind) -nan(ind)
1.875000e-02 6.250000e-03 -nan(ind) -nan(ind) -nan(ind)
1.875000e-02 7.812500e-03 -nan(ind) -nan(ind) -nan(ind)
1.875000e-02 9.375000e-03 -nan(ind) -nan(ind) -nan(ind)
1.875000e-02 1.093750e-02 -nan(ind) -nan(ind) -nan(ind)
1.875000e-02 1.250000e-02 -nan(ind) -nan(ind) -nan(ind)
1.875000e-02 1.406250e-02 -nan(ind) -nan(ind) -nan(ind)
1.875000e-02 1.562500e-02 -nan(ind) -nan(ind) -nan(ind)
1.875000e-02 1.718750e-02 -nan(ind) -nan(ind) -nan(ind)
1.875000e-02 1.875000e-02 -nan(ind) -nan(ind) -nan(ind)
1.875000e-02 2.031250e-02 -nan(ind) -nan(ind) -nan(ind)
1.875000e-02 2.187500e-02 -nan(ind) -nan(ind) -nan(ind)
1.875000e-02 2.343750e-02 -nan(ind) -nan(ind) -nan(ind)
1.875000e-02 2.500000e-02 -nan(ind) -nan(ind) -nan(ind)
1.875000e-02 2.656250e-02 -nan(ind) -nan(ind) -nan(ind)
1.875000e-02 2.812500e-02 -nan(ind) -nan(ind) -nan(ind)
1.875000e-02 2.968750e-02 -nan(ind) -nan(ind) -nan(ind)
1.875000e-02 3.125000e-02 -nan(ind) -nan(ind) -nan(ind)
1.875000e-02 3.281250e-02 -nan(ind) -nan(ind) -nan(ind)
1.875000e-02 3.437500e-02 -nan(ind) -nan(ind) -nan(ind)
1.875000e-02 3.593750e-02 -nan(ind) -nan(ind) -nan(ind)
1.875000e-02 3.750000e-02 -nan(ind) -nan(ind) -nan(ind)
1.875000e-02 3.906250e-02 -nan(ind) -nan(ind) -nan(ind)
1.875000e-02 4.062500e-02 -nan(ind) -nan(ind) -nan(ind)
1.875000e-02 4.218750e-02 -nan(ind) -nan(ind) -nan(ind)
1.875000e-02 4.375000e-02 -nan(ind) -nan(ind) -nan(ind)
1.875000e-02 4.531250e-02 nan -nan(ind) nan
1.875000e-02 4.687500e-02 nan -nan(ind) -nan(ind)
1.875000e-02 4.843750e-02 nan -nan(ind) nan
1.875000e-02 5.000000e-02 nan 6.123215e-01 6.563324e-01
2.031250e-02 0.000000e+00 -nan(ind) 5.619061e-01 6.941769e-01
2.031250e-02 1.562500e-03 -nan(ind) -nan(ind) -nan(ind)
2.031250e-02 3.125000e-03 -nan(ind) -nan(ind) -nan(ind)
2.031250e-02 4.687500e-03 -nan(ind) -nan(ind) -nan(ind)
2.031250e-02 6.250000e-03 -nan(ind) -nan(ind) -nan(ind)
2.031250e-02 7.812500e-03 -nan(ind) -nan(ind) -nan(ind)
2.031250e-02 9.375000e-03 -nan(ind) -nan(ind) -nan(ind)
2.031250e-02 1.093750e-02 -nan(ind) -nan(ind) -nan(ind)
2.031250e-02 1.250000e-02 -nan(ind) -nan(ind) -nan(ind)
2.031250e-02 1.406250e-02 -nan(ind) -nan(ind) -nan(ind)
2.031250e-02 1.562500e-02 -nan(ind) -nan(ind) -nan(ind)
2.031250e-02 1.718750e-02 -nan(ind) -nan(ind) -nan(ind)
2.031250e-02 1.875000e-02 -nan(ind) -nan(ind) -nan(ind)
2.031250e-02 2.031250e-02 -nan(ind) -nan(ind) -nan(ind)
2.031250e-02 2.187500e-02 -nan(ind) -nan(ind) -nan(ind)
2.031250e-02 2.343750e-02 -nan(ind) -nan(ind) -nan(ind)
2.031250e-02 2.500000e-02 -nan(ind) -nan(ind) -nan(ind)
2.031250e-02 2.656250e-02 -nan(ind) -nan(ind) -nan(ind)
2.031250e-02 2.812500e-02 -nan(ind) -nan(ind) -nan(ind)
2.031250e-02 2.968750e-02 -nan(ind) -nan(ind) -nan(ind)
2.031250e-02 3.125000e-02 -nan(ind) -nan(ind) -nan(ind)
2.031250e-02 3.281250e-02 -nan(ind) -nan(ind) -nan(ind)
2.031250e-02 3.437500e-02 -nan(ind) -nan(ind) -nan(ind)
2.031250e-02 3.593750e-02 -nan(ind) -nan(ind) -nan(ind)
2.031250e-02 3.750000e-02 -nan(ind) -nan(ind) -nan(ind)
2.031250e-02 3.906250e-02 -nan(ind) -nan(ind) -nan(ind)
2.031250e-02 4.062500e-02 -nan(ind) -nan(ind) -nan(ind)
2.031250e-02 4.218750e-02 -nan(ind) -nan(ind) -nan(ind)
2.031250e-02 4.375000e-02 -nan(ind) -nan(ind) -nan(ind)
2.031250e-02 4.531250e-02 nan -nan(ind) nan
2.031250e-02 4.687500e-02 nan -nan(ind) -nan(ind)
2.031250e-02 4.843750e-02 nan -nan(ind) nan
2.031250e-02 5.000000e-02 nan 6.254827e-01 6.517696e-01
2.187500e-02 0.000000e+00 -nan(ind) 5.663433e-01 6.906800e-01
2.187500e-02 1.562500e-03 -nan(ind) -nan(ind) -nan(ind)
2.187500e-02 3.125000e-03 -nan(ind) -nan(ind) -nan(ind)
2.187500e-02 4.687500e-03 -nan(ind) -nan(ind) -nan(ind)
2.187500e-02 6.250000e-03 -nan(ind) -nan(ind) -nan(ind)
2.187500e-02 7.812500e-03 -nan(ind) -nan(ind) -nan(ind)
2.187500e-02 9.375000e-03 -nan(ind) -nan(ind) -nan(ind)
2.187500e-02 1.093750e-02 -nan(ind) -nan(ind) -nan(ind)
2.187500e-02 1.250000e-02 -nan(ind) -nan(ind) -nan(ind)
2.187500e-02 1.406250e-02 -nan(ind) -nan(ind) -nan(ind)
2.187500e-02 1.562500e-02 -nan(ind) -nan(ind) -nan(ind)
2.187500e-02 1.718750e-02 -nan(ind) -nan(ind) -nan(ind)
2.187500e-02 1.875000e-02 -nan(ind) -nan(ind) -nan(ind)
2.187500e-02 2.031250e-02 -nan(ind) -nan(ind) -nan(ind)
2.187500e-02 2.187500e-02 -nan(ind) -nan(ind) -nan(ind)
2.187500e-02 2.343750e-02 -nan(ind) -nan(ind) -nan(ind)
2.187500e-02 2.500000e-02 -nan(ind) -nan(ind) -nan(ind)
2.187500e-02 2.656250e-02 -nan(ind) -nan(ind) -nan(ind)
2.187500e-02 2.812500e-02 -nan(ind) -nan(ind) -nan(ind)
2.187500e-02 2.968750e-02 -nan(ind) -nan(ind) -nan(ind)
2.187500e-02 3.125000e-02 -nan(ind) -nan(ind) -nan(ind)
2.187500e-02 3.281250e-02 -nan(ind) -nan(ind) -nan(ind)
2.187500e-02 3.437500e-02 -nan(ind) -nan(ind) -nan(ind)
2.187500e-02 3.593750e-02 -nan(ind) -nan(ind) -nan(ind)
2.187500e-02 3.750000e-02 -nan(ind) -nan(ind) -nan(ind)
2.187500e-02 3.906250e-02 -nan(ind) -nan(ind) -nan(ind)
2.187500e-02 4.062500e-02 -nan(ind) -nan(ind) -nan(ind)
2.187500e-02 4.218750e-02 -nan(ind) -nan(ind) -nan(ind)
2.187500e-02 4.375000e-02 -nan(ind) -nan(ind) -nan(ind)
2.187500e-02 4.531250e-02 nan -nan(ind) nan
2.187500e-02 4.687500e-02 nan -nan(ind) -nan(ind)
2.187500e-02 4.843750e-02 nan -nan(ind) nan
2.187500e-02 5.000000e-02 nan 6.383893e-01 6.468737e-01
2.343750e-02 0.000000e+00 -nan(ind) 5.707095e-01 6.869533e-01
2.343750e-02 1.562500e-03 -nan(ind) -nan(ind) -nan(ind)
2.343750e-02 3.125000e-03 -nan(ind) -nan(ind) -nan(ind)
2.343750e-02 4.687500e-03 -nan(ind) -nan(ind) -nan(ind)
2.343750e-02 6.250000e-03 -nan(ind) -nan(ind) -nan(ind)
2.343750e-02 7.812500e-03 -nan(ind) -nan(ind) -nan(ind)
2.343750e-02 9.375000e-03 -nan(ind) -nan(ind) -nan(ind)
2.343750e-02 1.093750e-02 -nan(ind) -nan(ind) -nan(ind)
2.343750e-02 1.250000e-02 -nan(ind) -nan(ind) -nan(ind)
2.343750e-02 1.406250e-02 -nan(ind) -nan(ind) -nan(ind)
2.343750e-02 1.562500e-02 -nan(ind) -nan(ind) -nan(ind)
2.343750e-02 1.718750e-02 -nan(ind) -nan(ind) -nan(ind)
2.343750e-02 1.875000e-02 -nan(ind) -nan(ind) -nan(ind)
2.343750e-02 2.031250e-02 -nan(ind) -nan(ind) -nan(ind)
2.343750e-02 2.187500e-02 -nan(ind) -nan(ind) -nan(ind)
2.343750e-02 2.343750e-02 -nan(ind) -nan(ind) -nan(ind)
2.343750e-02 2.500000e-02 -nan(ind) -nan(ind) -nan(ind)
2.343750e-02 2.656250e-02 -nan(ind) -nan(ind) -nan(ind)
2.343750e-02 2.812500e-02 -nan(ind) -nan(ind) -nan(ind)
2.343750e-02 2.968750e-02 -nan(ind) -nan(ind) -nan(ind)
2.343750e-02 3.125000e-02 -nan(ind) -nan(ind) -nan(ind)
2.343750e-02 3.281250e-02 -nan(ind) -nan(ind) -nan(ind)
2.343750e-02 3.437500e-02 -nan(ind) -nan(ind) -nan(ind)
2.343750e-02 3.593750e-02 -nan(ind) -nan(ind) -nan(ind)
2.343750e-02 3.750000e-02 -nan(ind) -nan(ind) -nan(ind)
2.343750e-02 3.906250e-02 -nan(ind) -nan(ind) -nan(ind)
2.343750e-02 4.062500e-02 -nan(ind) -nan(ind) -nan(ind)
2.343750e-02 4.218750e-02 -nan(ind) -nan(ind) -nan(ind)
2.343750e-02 4.375000e-02 -nan(ind) -nan(ind) -nan(ind)
2.343750e-02 4.531250e-02 nan -nan(ind) nan
2.343750e-02 4.687500e-02 nan -nan(ind) -nan(ind)
2.343750e-02 4.843750e-02 nan -nan(ind) nan
2.343750e-02 5.000000e-02 nan 6.510234e-01 6.416518e-01
2.500000e-02 0.000000e+00 -nan(ind) 5.750000e-01 6.830029e-01
2.500000e-02 1.562500e-03 -nan(ind) -nan(ind) -nan(ind)
2.500000e-02 3.125000e-03 -nan(ind) -nan(ind) -nan(ind)
2.500000e-02 4.687500e-03 -nan(ind) -nan(ind) -nan(ind)
2.500000e-02 6.250000e-03 -nan(ind) -nan(ind) -nan(ind)
2.500000e-02 7.812500e-03 -nan(ind) -nan(ind) -nan(ind)
2.500000e-02 9.375000e-03 -nan(ind) -nan(ind) -nan(ind)
2.500000e-02 1.093750e-02 -nan(ind) -nan(ind) -nan(ind)
2.500000e-02 1.250000e-02 -nan(ind) -nan(ind) -nan(ind)
2.500000e-02 1.406250e-02 -nan(ind) -nan(ind) -nan(ind)
2.500000e-02 1.562500e-02 -nan(ind) -nan(ind) -nan(ind)
2.500000e-02 1.718750e-02 -nan(ind) -nan(ind) -nan(ind)
2.500000e-02 1.875000e-02 -nan(ind) -nan(ind) -nan(ind)
2.500000e-02 2.031250e-02 -nan(ind) -nan(ind) -nan(ind)
2.500000e-02 2.187500e-02 -nan(ind) -nan(ind) -nan(ind)
2.500000e-02 2.343750e-02 -nan(ind) -nan(ind) -nan(ind)
2.500000e-02 2.500000e-02 -nan(ind) -nan(ind) -nan(ind)
2.500000e-02 2.656250e-02 -nan(ind) -nan(ind) -nan(ind)
2.500000e-02 2.812500e-02 -nan(ind) -nan(ind) -nan(ind)
2.500000e-02 2.968750e-02 -nan(ind) -nan(ind) -nan(ind)
2.500000e-02 3.125000e-02 -nan(ind) -nan(ind) -nan(ind)
2.500000e-02 3.281250e-02 -nan(ind) -nan(ind) -nan(ind)
2.500000e-02 3.437500e-02 -nan(ind) -nan(ind) -nan(ind)
2.500000e-02 3.593750e-02 -nan(ind) -nan(ind) -nan(ind)
2.500000e-02 3.750000e-02 -nan(ind) -nan(ind) -nan(ind)
2.500000e-02 3.906250e-02 -nan(ind) -nan(ind) -nan(ind)
2.500000e-02 4.062500e-02 -nan(ind) -nan(ind) -nan(ind)
2.500000e-02 4.218750e-02 -nan(ind) -nan(ind) -nan(ind)
2.500000e-02 4.375000e-02 -nan(ind) -nan(ind) -nan(ind)
2.500000e-02 4.531250e-02 nan -nan(ind) nan
2.500000e-02 4.687500e-02 nan -nan(ind) -nan(ind)
2.500000e-02 4.843750e-02 nan -nan(ind) nan
2.500000e-02 5.000000e-02 nan 6.633677e-01 6.361118e-01
2.656250e-02 0.000000e+00 -nan(ind) 5.792102e-01 6.788351e-01
2.656250e-02 1.562500e-03 -nan(ind) -nan(ind) -nan(ind)
2.656250e-02 3.125000e-03 -nan(ind) -nan(ind) -nan(ind)
2.656250e-02 4.687500e-03 -nan(ind) -nan(ind) -nan(ind)
2.656250e-02 6.250000e-03 -nan(ind) -nan(ind) -nan(ind)
2.656250e-02 7.812500e-03 -nan(ind) -nan(ind) -nan(ind)
2.656250e-02 9.375000e-03 -nan(ind) -nan(ind) -nan(ind)
2.656250e-02 1.093750e-02 -nan(ind) -nan(ind) -nan(ind)
2.656250e-02 1.250000e-02 -nan(ind) -nan(ind) -nan(ind)
2.656250e-02 1.406250e-02 -nan(ind) -nan(ind) -nan(ind)
2.656250e-02 1.562500e-02 -nan(ind) -nan(ind) -nan(ind)
2.656250e-02 1.718750e-02 -nan(ind) -nan(ind) -nan(ind)
2.656250e-02 1.875000e-02 -nan(ind) -nan(ind) -nan(ind)
2.656250e-02 2.031250e-02 -nan(ind) -nan(ind) -nan(ind)
2.656250e-02 2.187500e-02 -nan(ind) -nan(ind) -nan(ind)
2.656250e-02 2.343750e-02 -nan(ind) -nan(ind) -nan(ind)
2.656250e-02 2.500000e-02 -nan(ind) -nan(ind) -nan(ind)
2.656250e-02 2.656250e-02 -nan(ind) -nan(ind) -nan(ind)
2.656250e-02 2.812500e-02 -nan(ind) -nan(ind) -nan(ind)
2.656250e-02 2.968750e-02 -nan(ind) -nan(ind) -nan(ind)
2.656250e-02 3.125000e-02 -nan(ind) -nan(ind) -nan(ind)
2.656250e-02 3.281250e-02 -nan(ind) -nan(ind) -nan(ind)
2.656250e-02 3.437500e-02 -nan(ind) -nan(ind) -nan(ind)
2.656250e-02 3.593750e-02 -nan(ind) -nan(ind) -nan(ind)
2.656250e-02 3.750000e-02 -nan(ind) -nan(ind) -nan(ind)
2.656250e-02 3.906250e-02 -nan(ind) -nan(ind) -nan(ind)
2.656250e-02 4.062500e-02 -nan(ind) -nan(ind) -nan(ind)
2.656250e-02 4.218750e-02 -nan(ind) -nan(ind) -nan(ind)
2.656250e-02 4.375000e-02 -nan(ind) -nan(ind) -nan(ind)
2.656250e-02 4.531250e-02 nan -nan(ind) nan
2.656250e-02 4.687500e-02 nan -nan(ind) -nan(ind)
2.656250e-02 4.843750e-02 nan -nan(ind) nan
2.656250e-02 5.000000e-02 nan 6.754050e-01 6.302616e-01
2.812500e-02 0.000000e+00 -nan(ind) 5.833355e-01 6.744568e-01
2.812500e-02 1.562500e-03 -nan(ind) -nan(ind) -nan(ind)
2.812500e-02 3.125000e-03 -nan(ind) -nan(ind) -nan(ind)
2.812500e-02 4.687500e-03 -nan(ind) -nan(ind) -nan(ind)
2.812500e-02 6.250000e-03 -nan(ind) -nan(ind) -nan(ind)
2.812500e-02 7.812500e-03 -nan(ind) -nan(ind) -nan(ind)
2.812500e-02 9.375000e-03 -nan(ind) -nan(ind) -nan(ind)
2.812500e-02 1.093750e-02 -nan(ind) -nan(ind) -nan(ind)
2.812500e-02 1.250000e-02 -nan(ind) -nan(ind) -nan(ind)
2.812500e-02 1.406250e-02 -nan(ind) -nan(ind) -nan(ind)
2.812500e-02 1.562500e-02 -nan(ind) -nan(ind) -nan(ind)
2.812500e-02 1.718750e-02 -nan(ind) -nan(ind) -nan(ind)
2.812500e-02 1.875000e-02 -nan(ind) -nan(ind) -nan(ind)
2.812500e-02 2.031250e-02 -nan(ind) -nan(ind) -nan(ind)
2.812500e-02 2.187500e-02 -nan(ind) -nan(ind) -nan(ind)
2.812500e-02 2.343750e-02 -nan(ind) -nan(ind) -nan(ind)
2.812500e-02 2.500000e-02 -nan(ind) -nan(ind) -nan(ind)
2.812500e-02 2.656250e-02 -nan(ind) -nan(ind) -nan(ind)
2.812500e-02 2.812500e-02 -nan(ind) -nan(ind) -nan(ind)
2.812500e-02 2.968750e-02 -nan(ind) -nan(ind) -nan(ind)
2.812500e-02 3.125000e-02 -nan(ind) -nan(ind) -nan(ind)
2.812500e-02 3.281250e-02 -nan(ind) -nan(ind) -nan(ind)
2.812500e-02 3.437500e-02 -nan(ind) -nan(ind) -nan(ind)
2.812500e-02 3.593750e-02 -nan(ind) -nan(ind) -nan(ind)
2.812500e-02 3.750000e-02 -nan(ind) -nan(ind) -nan(ind)
2.812500e-02 3.906250e-02 -nan(ind) -nan(ind) -nan(ind)
2.812500e-02 4.062500e-02 -nan(ind) -nan(ind) -nan(ind)
2.812500e-02 4.218750e-02 -nan(ind) -nan(ind) -nan(ind)
2.812500e-02 4.375000e-02 -nan(ind) -nan(ind) -nan(ind)
2.812500e-02 4.531250e-02 nan -nan(ind) nan
2.812500e-02 4.687500e-02 nan -nan(ind) -nan(ind)
2.812500e-02 4.843750e-02 nan -nan(ind) nan
2.812500e-02 5.000000e-02 nan 6.871189e-01 6.241101e-01
2.968750e-02 0.000000e+00 -nan(ind) 5.873717e-01 6.698751e-01
2.968750e-02 1.562500e-03 -nan(ind) -nan(ind) -nan(ind)
2.968750e-02 3.125000e-03 -nan(ind) -nan(ind) -nan(ind)
2.968750e-02 4.687500e-03 -nan(ind) -nan(ind) -nan(ind)
2.968750e-02 6.250000e-03 -nan(ind) -nan(ind) -nan(ind)
2.968750e-02 7.812500e-03 -nan(ind) -nan(ind) -nan(ind)
2.968750e-02 9.375000e-03 -nan(ind) -nan(ind) -nan(ind)
2.968750e-02 1.093750e-02 -nan(ind) -nan(ind) -nan(ind)
2.968750e-02 1.250000e-02 -nan(ind) -nan(ind) -nan(ind)
2.968750e-02 1.406250e-02 -nan(ind) -nan(ind) -nan(ind)
2.968750e-02 1.562500e-02 -nan(ind) -nan(ind) -nan(ind)
2.968750e-02 1.718750e-02 -nan(ind) -nan(ind) -nan(ind)
2.968750e-02 1.875000e-02 -nan(ind) -nan(ind) -nan(ind)
2.968750e-02 2.031250e-02 -nan(ind) -nan(ind) -nan(ind)
2.968750e-02 2.187500e-02 -nan(ind) -nan(ind) -nan(ind)
2.968750e-02 2.343750e-02 -nan(ind) -nan(ind) -nan(ind)
2.968750e-02 2.500000e-02 -nan(ind) -nan(ind) -nan(ind)
2.968750e-02 2.656250e-02 -nan(ind) -nan(ind) -nan(ind)
2.968750e-02 2.812500e-02 -nan(ind) -nan(ind) -nan(ind)
2.968750e-02 2.968750e-02 -nan(ind) -nan(ind) -nan(ind)
2.968750e-02 3.125000e-02 -nan(ind) -nan(ind) -nan(ind)
2.968750e-02 3.281250e-02 -nan(ind) -nan(ind) -nan(ind)
2.968750e-02 3.437500e-02 -nan(ind) -nan(ind) -nan(ind)
2.968750e-02 3.593750e-02 -nan(ind) -nan(ind) -nan(ind)
2.968750e-02 3.750000e-02 -nan(ind) -nan(ind) -nan(ind)
2.968750e-02 3.906250e-02 -nan(ind) -nan(ind) -nan(ind)
2.968750e-02 4.062500e-02 -nan(ind) -nan(ind) -nan(ind)
2.968750e-02 4.218750e-02 -nan(ind) -nan(ind) -nan(ind)
2.968750e-02 4.375000e-02 -nan(ind) -nan(ind) -nan(ind)
2.968750e-02 4.531250e-02 nan -nan(ind) nan
2.968750e-02 4.687500e-02 nan -nan(ind) -nan(ind)
2.968750e-02 4.843750e-02 nan -nan(ind) nan
2.968750e-02 5.000000e-02 nan 6.984932e-01 6.176661e-01
3.125000e-02 0.000000e+00 -nan(ind) 5.913142e-01 6.650976e-01
3.125000e-02 1.562500e-03 -nan(ind) -nan(ind) -nan(ind)
3.125000e-02 3.125000e-03 -nan(ind) -nan(ind) -nan(ind)
3.125000e-02 4.687500e-03 -nan(ind) -nan(ind) -nan(ind)
3.125000e-02 6.250000e-03 -nan(ind) -nan(ind) -nan(ind)
3.125000e-02 7.812500e-03 -nan(ind) -nan(ind) -nan(ind)
3.125000e-02 9.375000e-03 -nan(ind) -nan(ind) -nan(ind)
3.125000e-02 1.093750e-02 -nan(ind) -nan(ind) -nan(ind)
3.125000e-02 1.250000e-02 -nan(ind) -nan(ind) -nan(ind)
3.125000e-02 1.406250e-02 -nan(ind) -nan(ind) -nan(ind)
3.125000e-02 1.562500e-02 -nan(ind) -nan(ind) -nan(ind)
3.125000e-02 1.718750e-02 -nan(ind) -nan(ind) -nan(ind)
3.125000e-02 1.875000e-02 -nan(ind) -nan(ind) -nan(ind)
3.125000e-02 2.031250e-02 -nan(ind) -nan(ind) -nan(ind)
3.125000e-02 2.187500e-02 -nan(ind) -nan(ind) -nan(ind)
3.125000e-02 2.343750e-02 -nan(ind) -nan(ind) -nan(ind)
3.125000e-02 2.500000e-02 -nan(ind) -nan(ind) -nan(ind)
3.125000e-02 2.656250e-02 -nan(ind) -nan(ind) -nan(ind)
3.125000e-02 2.812500e-02 -nan(ind) -nan(ind) -nan(ind)
3.125000e-02 2.968750e-02 -nan(ind) -nan(ind) -nan(ind)
3.125000e-02 3.125000e-02 -nan(ind) -nan(ind) -nan(ind)
3.125000e-02 3.281250e-02 -nan(ind) -nan(ind) -nan(ind)
3.125000e-02 3.437500e-02 -nan(ind) -nan(ind) -nan(ind)
3.125000e-02 3.593750e-02 -nan(ind) -nan(ind) -nan(ind)
3.125000e-02 3.750000e-02 -nan(ind) -nan(ind) -nan(ind)
3.125000e-02 3.906250e-02 -nan(ind) -nan(ind) -nan(ind)
3.125000e-02 4.062500e-02 -nan(ind) -nan(ind) -nan(ind)
3.125000e-02 4.218750e-02 -nan(ind) -nan(ind) -nan(ind)
3.125000e-02 4.375000e-02 -nan(ind) -nan(ind) -nan(ind)
3.125000e-02 4.531250e-02 nan -nan(ind) -nan(ind)
3.125000e-02 4.687500e-02 nan -nan(ind) -nan(ind)
3.125000e-02 4.843750e-02 nan -nan(ind) nan
3.125000e-02 5.000000e-02 nan 7.095123e-01 6.109393e-01
3.281250e-02 0.000000e+00 -nan(ind) 5.951590e-01 6.601320e-01
3.281250e-02 1.562500e-03 -nan(ind) -nan(ind) -nan(ind)
3.281250e-02 3.125000e-03 -nan(ind) -nan(ind) -nan(ind)
3.281250e-02 4.687500e-03 -nan(ind) -nan(ind) -nan(ind)
3.281250e-02 6.250000e-03 -nan(ind) -nan(ind) -nan(ind)
3.281250e-02 7.812500e-03 -nan(ind) -nan(ind) -nan(ind)
3.281250e-02 9.375000e-03 -nan(ind) -nan(ind) -nan(ind)
3.281250e-02 1.093750e-02 -nan(ind) -nan(ind) -nan(ind)
3.281250e-02 1.250000e-02 -nan(ind) -nan(ind) -nan(ind)
3.281250e-02 1.406250e-02 -nan(ind) -nan(ind) -nan(ind)
3.281250e-02 1.562500e-02 -nan(ind) -nan(ind) -nan(ind)
3.281250e-02 1.718750e-02 -nan(ind) -nan(ind) -nan(ind)
3.281250e-02 1.875000e-02 -nan(ind) -nan(ind) -nan(ind)
3.281250e-02 2.031250e-02 -nan(ind) -nan(ind) -nan(ind)
3.281250e-02 2.187500e-02 -nan(ind) -nan(ind) -nan(ind)
3.281250e-02 2.343750e-02 -nan(ind) -nan(ind) -nan(ind)
3.281250e-02 2.500000e-02 -nan(ind) -nan(ind) -nan(ind)
3.281250e-02 2.656250e-02 -nan(ind) -nan(ind) -nan(ind)
3.281250e-02 2.812500e-02 -nan(ind) -nan(ind) -nan(ind)
3.281250e-02 2.968750e-02 -nan(ind) -nan(ind) -nan(ind)
3.281250e-02 3.125000e-02 -nan(ind) -nan(ind) -nan(ind)
3.281250e-02 3.281250e-02 -nan(ind) -nan(ind) -nan(ind)
3.281250e-02 3.437500e-02 -nan(ind) -nan(ind) -nan(ind)
3.281250e-02 3.593750e-02 -nan(ind) -nan(ind) -nan(ind)
3.281250e-02 3.750000e-02 -nan(ind) -nan(ind) -nan(ind)
3.281250e-02 3.906250e-02 -nan(ind) -nan(ind) -nan(ind)
3.281250e-02 4.062500e-02 -nan(ind) -nan(ind) -nan(ind)
3.281250e-02 4.218750e-02 -nan(ind) -nan(ind) -nan(ind)
3.281250e-02 4.375000e-02 -nan(ind) -nan(ind) -nan(ind)
3.281250e-02 4.531250e-02 nan -nan(ind) -nan(ind)
3.281250e-02 4.687500e-02 nan -nan(ind) -nan(ind)
3.281250e-02 4.843750e-02 nan -nan(ind) nan
3.281250e-02 5.000000e-02 nan 7.201610e-01 6.039394e-01
3.437500e-02 0.000000e+00 -nan(ind) 5.989019e-01 6.549864e-01
3.437500e-02 1.562500e-03 -nan(ind) -nan(ind) -nan(ind)
3.437500e-02 3.125000e-03 -nan(ind) -nan(ind) -nan(ind)
3.437500e-02 4.687500e-03 -nan(ind) -nan(ind) -nan(ind)
3.437500e-02 6.250000e-03 -nan(ind) -nan(ind) -nan(ind)
3.437500e-02 7.812500e-03 -nan(ind) -nan(ind) -nan(ind)
3.437500e-02 9.375000e-03 -nan(ind) -nan(ind) -nan(ind)
3.437500e-02 1.093750e-02 -nan(ind) -nan(ind) -nan(ind)
3.437500e-02 1.250000e-02 -nan(ind) -nan(ind) -nan(ind)
3.437500e-02 1.406250e-02 -nan(ind) -nan(ind) -nan(ind)
3.437500e-02 1.562500e-02 -nan(ind) -nan(ind) -nan(ind)
3.437500e-02 1.718750e-02 -nan(ind) -nan(ind) -nan(ind)
3.437500e-02 1.875000e-02 -nan(ind) -nan(ind) -nan(ind)
3.437500e-02 2.031250e-02 -nan(ind) -nan(ind) -nan(ind)
3.437500e-02 2.187500e-02 -nan(ind) -nan(ind) -nan(ind)
3.437500e-02 2.343750e-02 -nan(ind) -nan(ind) -nan(ind)
3.437500e-02 2.500000e-02 -nan(ind) -nan(ind) -nan(ind)
3.437500e-02 2.656250e-02 -nan(ind) -nan(ind) -nan(ind)
3.437500e-02 2.812500e-02 -nan(ind) -nan(ind) -nan(ind)
3.437500e-02 2.968750e-02 -nan(ind) -nan(ind) -nan(ind)
3.437500e-02 3.125000e-02 -nan(ind) -nan(ind) -nan(ind)
3.437500e-02 3.281250e-02 -nan(ind) -nan(ind) -nan(ind)
3.437500e-02 3.437500e-02 -nan(ind) -nan(ind) -nan(ind)
3.437500e-02 3.593750e-02 -nan(ind) -nan(ind) -nan(ind)
3.437500e-02 3.750000e-02 -nan(ind) -nan(ind) -nan(ind)
3.437500e-02 3.906250e-02 -nan(ind) -nan(ind) -nan(ind)
3.437500e-02 4.062500e-02 -nan(ind) -nan(ind) -nan(ind)
3.437500e-02 4.218750e-02 -nan(ind) -nan(ind) -nan(ind)
3.437500e-02 4.375000e-02 -nan(ind) -nan(ind) -nan(ind)
3.437500e-02 4.531250e-02 nan -nan(ind) -nan(ind)
3.437500e-02 4.687500e-02 nan -nan(ind) -nan(ind)
3.437500e-02 4.843750e-02 nan -nan(ind) nan
3.437500e-02 5.000000e-02 nan 7.304247e-01 5.966768e-01
3.593750e-02 0.000000e+00 -nan(ind) 6.025388e-01 6.496693e-01
3.593750e-02 1.562500e-03 -nan(ind) -nan(ind) -nan(ind)
3.593750e-02 3.125000e-03 -nan(ind) -nan(ind) -nan(ind)
3.593750e-02 4.687500e-03 -nan(ind) -nan(ind) -nan(ind)
3.593750e-02 6.250000e-03 -nan(ind) -nan(ind) -nan(ind)
3.593750e-02 7.812500e-03 -nan(ind) -nan(ind) -nan(ind)
3.593750e-02 9.375000e-03 -nan(ind) -nan(ind) -nan(ind)
3.593750e-02 1.093750e-02 -nan(ind) -nan(ind) -nan(ind)
3.593750e-02 1.250000e-02 -nan(ind) -nan(ind) -nan(ind)
3.593750e-02 1.406250e-02 -nan(ind) -nan(ind) -nan(ind)
3.593750e-02 1.562500e-02 -nan(ind) -nan(ind) -nan(ind)
3.593750e-02 1.718750e-02 -nan(ind) -nan(ind) -nan(ind)
3.593750e-02 1.875000e-02 -nan(ind) -nan(ind) -nan(ind)
3.593750e-02 2.031250e-02 -nan(ind) -nan(ind) -nan(ind)
3.593750e-02 2.187500e-02 -nan(ind) -nan(ind) -nan(ind)
3.593750e-02 2.343750e-02 -nan(ind) -nan(ind) -nan(ind)
3.593750e-02 2.500000e-02 -nan(ind) -nan(ind) -nan(ind)
3.593750e-02 2.656250e-02 -nan(ind) -nan(ind) -nan(ind)
3.593750e-02 2.812500e-02 -nan(ind) -nan(ind) -nan(ind)
3.593750e-02 2.968750e-02 -nan(ind) -nan(ind) -nan(ind)
3.593750e-02 3.125000e-02 -nan(ind) -nan(ind) -nan(ind)
3.593750e-02 3.281250e-02 -nan(ind) -nan(ind) -nan(ind)
3.593750e-02 3.437500e-02 -nan(ind) -nan(ind) -nan(ind)
3.593750e-02 3.593750e-02 -nan(ind) -nan(ind) -nan(ind)
3.593750e-02 3.750000e-02 -nan(ind) -nan(ind) -nan(ind)
3.593750e-02 3.906250e-02 -nan(ind) -nan(ind) -nan(ind)
3.593750e-02 4.062500e-02 -nan(ind) -nan(ind) -nan(ind)
3.593750e-02 4.218750e-02 -nan(ind) -nan(ind) -nan(ind)
3.593750e-02 4.375000e-02 -nan(ind) -nan(ind) -nan(ind)
3.593750e-02 4.531250e-02 nan -nan(ind) -nan(ind)
3.593750e-02 4.687500e-02 nan -nan(ind) -nan(ind)
3.593750e-02 4.843750e-02 nan -nan(ind) nan
3.593750e-02 5.000000e-02 nan 7.402894e-01 5.891621e-01
3.750000e-02 0.000000e+00 -nan(ind) 6.060660e-01 6.441894e-01
3.750000e-02 1.562500e-03 -nan(ind) -nan(ind) -nan(ind)
3.750000e-02 3.125000e-03 -nan(ind) -nan(ind) -nan(ind)
3.750000e-02 4.687500e-03 -nan(ind) -nan(ind) -nan(ind)
3.750000e-02 6.250000e-03 -nan(ind) -nan(ind) -nan(ind)
3.750000e-02 7.812500e-03 -nan(ind) -nan(ind) -nan(ind)
3.750000e-02 9.375000e-03 -nan(ind) -nan(ind) -nan(ind)
3.750000e-02 1.093750e-02 -nan(ind) -nan(ind) -nan(ind)
3.750000e-02 1.250000e-02 -nan(ind) -nan(ind) -nan(ind)
3.750000e-02 1.406250e-02 -nan(ind) -nan(ind) -nan(ind)
3.750000e-02 1.562500e-02 -nan(ind) -nan(ind) -nan(ind)
3.750000e-02 1.718750e-02 -nan(ind) -nan(ind) -nan(ind)
3.750000e-02 1.875000e-02 -nan(ind) -nan(ind) -nan(ind)
3.750000e-02 2.031250e-02 -nan(ind) -nan(ind) -nan(ind)
3.750000e-02 2.187500e-02 -nan(ind) -nan(ind) -nan(ind)
3.750000e-02 2.343750e-02 -nan(ind) -nan(ind) -nan(ind)
3.750000e-02 2.500000e-02 -nan(ind) -nan(ind) -nan(ind)
3.750000e-02 2.656250e-02 -nan(ind) -nan(ind) -nan(ind)
3.750000e-02 2.812500e-02 -nan(ind) -nan(ind) -nan(ind)
3.750000e-02 2.968750e-02 -nan(ind) -nan(ind) -nan(ind)
3.750000e-02 3.125000e-02 -nan(ind) -nan(ind) -nan(ind)
3.750000e-02 3.281250e-02 -nan(ind) -nan(ind) -nan(ind)
3.750000e-02 3.437500e-02 -nan(ind) -nan(ind) -nan(ind)
3.750000e-02 3.593750e-02 -nan(ind) -nan(ind) -nan(ind)
3.750000e-02 3.750000e-02 -nan(ind) -nan(ind) -nan(ind)
3.750000e-02 3.906250e-02 -nan(ind) -nan(ind) -nan(ind)
3.750000e-02 4.062500e-02 -nan(ind) -nan(ind) -nan(ind)
3.750000e-02 4.218750e-02 -nan(ind) -nan(ind) -nan(ind)
3.750000e-02 4.375000e-02 -nan(ind) -nan(ind) -nan(ind)
3.750000e-02 4.531250e-02 nan -nan(ind) -nan(ind)
3.750000e-02 4.687500e-02 nan -nan(ind) -nan(ind)
3.750000e-02 4.843750e-02 nan -nan(ind) nan
3.750000e-02 5.000000e-02 nan 7.497416e-01 5.814064e-01
3.906250e-02 0.000000e+00 -nan(ind) 6.094796e-01 6.385556e-01
3.906250e-02 1.562500e-03 -nan(ind) -nan(ind) -nan(ind)
3.906250e-02 3.125000e-03 -nan(ind) -nan(ind) -nan(ind)
3.906250e-02 4.687500e-03 -nan(ind) -nan(ind) -nan(ind)
3.906250e-02 6.250000e-03 -nan(ind) -nan(ind) -nan(ind)
3.906250e-02 7.812500e-03 -nan(ind) -nan(ind) -nan(ind)
3.906250e-02 9.375000e-03 -nan(ind) -nan(ind) -nan(ind)
3.906250e-02 1.093750e-02 -nan(ind) -nan(ind) -nan(ind)
3.906250e-02 1.250000e-02 -nan(ind) -nan(ind) -nan(ind)
3.906250e-02 1.406250e-02 -nan(ind) -nan(ind) -nan(ind)
3.906250e-02 1.562500e-02 -nan(ind) -nan(ind) -nan(ind)
3.906250e-02 1.718750e-02 -nan(ind) -nan(ind) -nan(ind)
3.906250e-02 1.875000e-02 -nan(ind) -nan(ind) -nan(ind)
3.906250e-02 2.031250e-02 -nan(ind) -nan(ind) -nan(ind)
3.906250e-02 2.187500e-02 -nan(ind) -nan(ind) -nan(ind)
3.906250e-02 2.343750e-02 -nan(ind) -nan(ind) -nan(ind)
3.906250e-02 2.500000e-02 -nan(ind) -nan(ind) -nan(ind)
3.906250e-02 2.656250e-02 -nan(ind) -nan(ind) -nan(ind)
3.906250e-02 2.812500e-02 -nan(ind) -nan(ind) -nan(ind)
3.906250e-02 2.968750e-02 -nan(ind) -nan(ind) -nan(ind)
3.906250e-02 3.125000e-02 -nan(ind) -nan(ind) -nan(ind)
3.906250e-02 3.281250e-02 -nan(ind) -nan(ind) -nan(ind)
3.906250e-02 3.437500e-02 -nan(ind) -nan(ind) -nan(ind)
3.906250e-02 3.593750e-02 -nan(ind) -nan(ind) -nan(ind)
3.906250e-02 3.750000e-02 -nan(ind) -nan(ind) -nan(ind)
3.906250e-02 3.906250e-02 -nan(ind) -nan(ind) -nan(ind)
3.906250e-02 4.062500e-02 -nan(ind) -nan(ind) -nan(ind)
3.906250e-02 4.218750e-02 -nan(ind) -nan(ind) -nan(ind)
3.906250e-02 4.375000e-02 -nan(ind) -nan(ind) -nan(ind)
3.906250e-02 4.531250e-02 nan -nan(ind) -nan(ind)
3.906250e-02 4.687500e-02 nan -nan(ind) -nan(ind)
3.906250e-02 4.843750e-02 nan -nan(ind) nan
3.906250e-02 5.000000e-02 nan 7.587684e-01 5.734211e-01
4.062500e-02 0.000000e+00 -nan(ind) 6.127760e-01 6.327770e-01
4.062500e-02 1.562500e-03 -nan(ind) -nan(ind) -nan(ind)
4.062500e-02 3.125000e-03 -nan(ind) -nan(ind) -nan(ind)
4.062500e-02 4.687500e-03 -nan(ind) -nan(ind) -nan(ind)
4.062500e-02 6.250000e-03 -nan(ind) -nan(ind) -nan(ind)
4.062500e-02 7.812500e-03 -nan(ind) -nan(ind) -nan(ind)
4.062500e-02 9.375000e-03 -nan(ind) -nan(ind) -nan(ind)
4.062500e-02 1.093750e-02 -nan(ind) -nan(ind) -nan(ind)
4.062500e-02 1.250000e-02 -nan(ind) -nan(ind) -nan(ind)
4.062500e-02 1.406250e-02 -nan(ind) -nan(ind) -nan(ind)
4.062500e-02 1.562500e-02 -nan(ind) -nan(ind) -nan(ind)
4.062500e-02 1.718750e-02 -nan(ind) -nan(ind) -nan(ind)
4.062500e-02 1.875000e-02 -nan(ind) -nan(ind) -nan(ind)
4.062500e-02 2.031250e-02 -nan(ind) -nan(ind) -nan(ind)
4.062500e-02 2.187500e-02 -nan(ind) -nan(ind) -nan(ind)
4.062500e-02 2.343750e-02 -nan(ind) -nan(ind) -nan(ind)
4.062500e-02 2.500000e-02 -nan(ind) -nan(ind) -nan(ind)
4.062500e-02 2.656250e-02 -nan(ind) -nan(ind) -nan(ind)
4.062500e-02 2.812500e-02 -nan(ind) -nan(ind) -nan(ind)
4.062500e-02 2.968750e-02 -nan(ind) -nan(ind) -nan(ind)
4.062500e-02 3.125000e-02 -nan(ind) -nan(ind) -nan(ind)
4.062500e-02 3.281250e-02 -nan(ind) -nan(ind) -nan(ind)
4.062500e-02 3.437500e-02 -nan(ind) -nan(ind) -nan(ind)
4.062500e-02 3.593750e-02 -nan(ind) -nan(ind) -nan(ind)
4.062500e-02 3.750000e-02 -nan(ind) -nan(ind) -nan(ind)
4.062500e-02 3.906250e-02 -nan(ind) -nan(ind) -nan(ind)
4.062500e-02 4.062500e-02 -nan(ind) -nan(ind) -nan(ind)
4.062500e-02 4.218750e-02 -nan(ind) -nan(ind) -nan(ind)
4.062500e-02 4.375000e-02 -nan(ind) -nan(ind) -nan(ind)
4.062500e-02 4.531250e-02 nan -nan(ind) -nan(ind)
4.062500e-02 4.687500e-02 nan -nan(ind) -nan(ind)
4.062500e-02 4.843750e-02 nan -nan(ind) nan
4.062500e-02 5.000000e-02 nan 7.673574e-01 5.652180e-01
4.218750e-02 0.000000e+00 -nan(ind) 6.159516e-01 6.268632e-01
4.218750e-02 1.562500e-03 -nan(ind) -nan(ind) -nan(ind)
4.218750e-02 3.125000e-03 -nan(ind) -nan(ind) -nan(ind)
4.218750e-02 4.687500e-03 -nan(ind) -nan(ind) -nan(ind)
4.218750e-02 6.250000e-03 -nan(ind) -nan(ind) -nan(ind)
4.218750e-02 7.812500e-03 -nan(ind) -nan(ind) -nan(ind)
4.218750e-02 9.375000e-03 -nan(ind) -nan(ind) -nan(ind)
4.218750e-02 1.093750e-02 -nan(ind) -nan(ind) -nan(ind)
4.218750e-02 1.250000e-02 -nan(ind) -nan(ind) -nan(ind)
4.218750e-02 1.406250e-02 -nan(ind) -nan(ind) -nan(ind)
4.218750e-02 1.562500e-02 -nan(ind) -nan(ind) -nan(ind)
4.218750e-02 1.718750e-02 -nan(ind) -nan(ind) -nan(ind)
4.218750e-02 1.875000e-02 -nan(ind) -nan(ind) -nan(ind)
4.218750e-02 2.031250e-02 -nan(ind) -nan(ind) -nan(ind)
4.218750e-02 2.187500e-02 -nan(ind) -nan(ind) -nan(ind)
4.218750e-02 2.343750e-02 -nan(ind) -nan(ind) -nan(ind)
4.218750e-02 2.500000e-02 -nan(ind) -nan(ind) -nan(ind)
4.218750e-02 2.656250e-02 -nan(ind) -nan(ind) -nan(ind)
4.218750e-02 2.812500e-02 -nan(ind) -nan(ind) -nan(ind)
4.218750e-02 2.968750e-02 -nan(ind) -nan(ind) -nan(ind)
4.218750e-02 3.125000e-02 -nan(ind) -nan(ind) -nan(ind)
4.218750e-02 3.281250e-02 -nan(ind) -nan(ind) -nan(ind)
4.218750e-02 3.437500e-02 -nan(ind) -nan(ind) -nan(ind)
4.218750e-02 3.593750e-02 -nan(ind) -nan(ind) -nan(ind)
4.218750e-02 3.750000e-02 -nan(ind) -nan(ind) -nan(ind)
4.218750e-02 3.906250e-02 -nan(ind) -nan(ind) -nan(ind)
4.218750e-02 4.062500e-02 -nan(ind) -nan(ind) -nan(ind)
4.218750e-02 4.218750e-02 -nan(ind) -nan(ind) -nan(ind)
4.218750e-02 4.375000e-02 -nan(ind) -nan(ind) -nan(ind)
4.218750e-02 4.531250e-02 nan -nan(ind) -nan(ind)
4.218750e-02 4.687500e-02 nan -nan(ind) -nan(ind)
4.218750e-02 4.843750e-02 nan -nan(ind) nan
4.218750e-02 5.000000e-02 nan 7.754969e-01 5.568089e-01
4.375000e-02 0.000000e+00 -nan(ind) 6.190030e-01 6.208238e-01
4.375000e-02 1.562500e-03 -nan(ind) -nan(ind) -nan(ind)
4.375000e-02 3.125000e-03 -nan(ind) -nan(ind) -nan(ind)
4.375000e-02 4.687500e-03 -nan(ind) -nan(ind) -nan(ind)
4.375000e-02 6.250000e-03 -nan(ind) -nan(ind) -nan(ind)
4.375000e-02 7.812500e-03 -nan(ind) -nan(ind) -nan(ind)
4.375000e-02 9.375000e-03 -nan(ind) -nan(ind) -nan(ind)
4.375000e-02 1.093750e-02 -nan(ind) -nan(ind) -nan(ind)
4.375000e-02 1.250000e-02 -nan(ind) -nan(ind) -nan(ind)
4.375000e-02 1.406250e-02 -nan(ind) -nan(ind) -nan(ind)
4.375000e-02 1.562500e-02 -nan(ind) -nan(ind) -nan(ind)
4.375000e-02 1.718750e-02 -nan(ind) -nan(ind) -nan(ind)
4.375000e-02 1.875000e-02 -nan(ind) -nan(ind) -nan(ind)
4.375000e-02 2.031250e-02 -nan(ind) -nan(ind) -nan(ind)
4.375000e-02 2.187500e-02 -nan(ind) -nan(ind) -nan(ind)
4.375000e-02 2.343750e-02 -nan(ind) -nan(ind) -nan(ind)
4.375000e-02 2.500000e-02 -nan(ind) -nan(ind) -nan(ind)
4.375000e-02 2.656250e-02 -nan(ind) -nan(ind) -nan(ind)
4.375000e-02 2.812500e-02 -nan(ind) -nan(ind) -nan(ind)
4.375000e-02 2.968750e-02 -nan(ind) -nan(ind) -nan(ind)
4.375000e-02 3.125000e-02 -nan(ind) -nan(ind) -nan(ind)
4.375000e-02 3.281250e-02 -nan(ind) -nan(ind) -nan(ind)
4.375000e-02 3.437500e-02 -nan(ind) -nan(ind) -nan(ind)
4.375000e-02 3.593750e-02 -nan(ind) -nan(ind) -nan(ind)
4.375000e-02 3.750000e-02 -nan(ind) -nan(ind) -nan(ind)
4.375000e-02 3.906250e-02 -nan(ind) -nan(ind) -nan(ind)
4.375000e-02 4.062500e-02 -nan(ind) -nan(ind) -nan(ind)
4.375000e-02 4.218750e-02 -nan(ind) -nan(ind) -nan(ind)
4.375000e-02 4.375000e-02 -nan(ind) -nan(ind) -nan(ind)
4.375000e-02 4.531250e-02 -nan(ind) -nan(ind) -nan(ind)
4.375000e-02 4.687500e-02 nan -nan(ind) -nan(ind)
4.375000e-02 4.843750e-02 nan -nan(ind) nan
4.375000e-02 5.000000e-02 nan 7.831760e-01 5.482063e-01
4.531250e-02 0.000000e+00 -nan(ind) 6.219270e-01 6.146687e-01
4.531250e-02 1.562500e-03 -nan(ind) -nan(ind) -nan(ind)
4.531250e-02 3.125000e-03 -nan(ind) nan -nan(ind)
4.531250e-02 4.687500e-03 -nan(ind) nan -nan(ind)
4.531250e-02 6.250000e-03 -nan(ind) nan -nan(ind)
4.531250e-02 7.812500e-03 -nan(ind) nan -nan(ind)
4.531250e-02 9.375000e-03 -nan(ind) nan -nan(ind)
4.531250e-02 1.093750e-02 -nan(ind) nan -nan(ind)
4.531250e-02 1.250000e-02 -nan(ind) nan -nan(ind)
4.531250e-02 1.406250e-02 -nan(ind) nan -nan(ind)
4.531250e-02 1.562500e-02 -nan(ind) nan -nan(ind)
4.531250e-02 1.718750e-02 -nan(ind) nan -nan(ind)
4.531250e-02 1.875000e-02 -nan(ind) nan -nan(ind)
4.531250e-02 2.031250e-02 -nan(ind) nan -nan(ind)
4.531250e-02 2.187500e-02 -nan(ind) nan -nan(ind)
4.531250e-02 2.343750e-02 -nan(ind) nan -nan(ind)
4.531250e-02 2.500000e-02 -nan(ind) nan -nan(ind)
4.531250e-02 2.656250e-02 -nan(ind) nan -nan(ind)
4.531250e-02 2.812500e-02 -nan(ind) -nan(ind) -nan(ind)
4.531250e-02 2.968750e-02 -nan(ind) -nan(ind) -nan(ind)
4.531250e-02 3.125000e-02 -nan(ind) -nan(ind) -nan(ind)
4.531250e-02 3.281250e-02 -nan(ind) -nan(ind) -nan(ind)
4.531250e-02 3.437500e-02 -nan(ind) -nan(ind) -nan(ind)
4.531250e-02 3.593750e-02 -nan(ind) -nan(ind) -nan(ind)
4.531250e-02 3.750000e-02 -nan(ind) -nan(ind) -nan(ind)
4.531250e-02 3.906250e-02 -nan(ind) -nan(ind) -nan(ind)
4.531250e-02 4.062500e-02 -nan(ind) -nan(ind) -nan(ind)
4.531250e-02 4.218750e-02 -nan(ind) -nan(ind) -nan(ind)
4.531250e-02 4.375000e-02 -nan(ind) -nan(ind) -nan(ind)
4.531250e-02 4.531250e-02 -nan(ind) -nan(ind) -nan(ind)
4.531250e-02 4.687500e-02 nan -nan(ind) -nan(ind)
4.531250e-02 4.843750e-02 nan -nan(ind) nan
4.531250e-02 5.000000e-02 nan 7.903842e-01 5.394229e-01
4.687500e-02 0.000000e+00 nan 6.247204e-01 6.084080e-01
4.687500e-02 1.562500e-03 nan -nan(ind) -nan(ind)
4.687500e-02 3.125000e-03 nan -nan(ind) -nan(ind)
4.687500e-02 4.687500e-03 nan -nan(ind) -nan(ind)
4.687500e-02 6.250000e-03 nan -nan(ind) -nan(ind)
4.687500e-02 7.812500e-03 nan -nan(ind) -nan(ind)
4.687500e-02 9.375000e-03 nan -nan(ind) -nan(ind)
4.687500e-02 1.093750e-02 nan -nan(ind) -nan(ind)
4.687500e-02 1.250000e-02 nan -nan(ind) -nan(ind)
4.687500e-02 1.406250e-02 nan -nan(ind) -nan(ind)
4.687500e-02 1.562500e-02 nan -nan(ind) -nan(ind)
4.687500e-02 1.718750e-02 nan -nan(ind) -nan(ind)
4.687500e-02 1.875000e-02 nan -nan(ind) -nan(ind)
4.687500e-02 2.031250e-02 nan -nan(ind) -nan(ind)
4.687500e-02 2.187500e-02 nan -nan(ind) -nan(ind)
4.687500e-02 2.343750e-02 nan -nan(ind) -nan(ind)
4.687500e-02 2.500000e-02 nan -nan(ind) -nan(ind)
4.687500e-02 2.656250e-02 nan -nan(ind) -nan(ind)
4.687500e-02 2.812500e-02 nan -nan(ind) -nan(ind)
4.687500e-02 2.968750e-02 nan -nan(ind) -nan(ind)
4.687500e-02 3.125000e-02 nan -nan(ind) -nan(ind)
4.687500e-02 3.281250e-02 nan -nan(ind) -nan(ind)
4.687500e-02 3.437500e-02 nan -nan(ind) -nan(ind)
4.687500e-02 3.593750e-02 nan -nan(ind) -nan(ind)
4.687500e-02 3.750000e-02 nan -nan(ind) -nan(ind)
4.687500e-02 3.906250e-02 nan -nan(ind) -nan(ind)
4.687500e-02 4.062500e-02 nan -nan(ind) -nan(ind)
4.687500e-02 4.218750e-02 nan -nan(ind) -nan(ind)
4.687500e-02 4.375000e-02 nan -nan(ind) -nan(ind)
4.687500e-02 4.531250e-02 nan -nan(ind) -nan(ind)
4.687500e-02 4.687500e-02 nan -nan(ind) -nan(ind)
4.687500e-02 4.843750e-02 nan -nan(ind) nan
4.687500e-02 5.000000e-02 nan 7.971117e-01 5.304713e-01
4.843750e-02 0.000000e+00 -nan(ind) 6.273803e-01 6.020518e-01
4.843750e-02 1.562500e-03 -nan(ind) -nan(ind) -nan(ind)
4.843750e-02 3.125000e-03 -nan(ind) -nan(ind) -nan(ind)
4.843750e-02 4.687500e-03 -nan(ind) -nan(ind) -nan(ind)
4.843750e-02 6.250000e-03 -nan(ind) -nan(ind) -nan(ind)
4.843750e-02 7.812500e-03 -nan(ind) -nan(ind) -nan(ind)
4.843750e-02 9.375000e-03 -nan(ind) -nan(ind) -nan(ind)
4.843750e-02 1.093750e-02 -nan(ind) -nan(ind) -nan(ind)
4.843750e-02 1.250000e-02 -nan(ind) -nan(ind) -nan(ind)
4.843750e-02 1.406250e-02 -nan(ind) -nan(ind) -nan(ind)
4.843750e-02 1.562500e-02 -nan(ind) -nan(ind) -nan(ind)
4.843750e-02 1.718750e-02 -nan(ind) -nan(ind) -nan(ind)
4.843750e-02 1.875000e-02 -nan(ind) -nan(ind) -nan(ind)
4.843750e-02 2.031250e-02 -nan(ind) -nan(ind) -nan(ind)
4.843750e-02 2.187500e-02 -nan(ind) -nan(ind) -nan(ind)
4.843750e-02 2.343750e-02 -nan(ind) -nan(ind) -nan(ind)
4.843750e-02 2.500000e-02 -nan(ind) -nan(ind) -nan(ind)
4.843750e-02 2.656250e-02 -nan(ind) -nan(ind) -nan(ind)
4.843750e-02 2.812500e-02 -nan(ind) -nan(ind) -nan(ind)
4.843750e-02 2.968750e-02 -nan(ind) -nan(ind) -nan(ind)
4.843750e-02 3.125000e-02 -nan(ind) -nan(ind) -nan(ind)
4.843750e-02 3.281250e-02 -nan(ind) -nan(ind) -nan(ind)
4.843750e-02 3.437500e-02 -nan(ind) -nan(ind) -nan(ind)
4.843750e-02 3.593750e-02 -nan(ind) -nan(ind) -nan(ind)
4.843750e-02 3.750000e-02 -nan(ind) -nan(ind) -nan(ind)
4.843750e-02 3.906250e-02 -nan(ind) -nan(ind) -nan(ind)
4.843750e-02 4.062500e-02 -nan(ind) -nan(ind) -nan(ind)
4.843750e-02 4.218750e-02 -nan(ind) -nan(ind) -nan(ind)
4.843750e-02 4.375000e-02 -nan(ind) -nan(ind) -nan(ind)
4.843750e-02 4.531250e-02 -nan(ind) -nan(ind) -nan(ind)
4.843750e-02 4.687500e-02 -nan(ind) -nan(ind) -nan(ind)
4.843750e-02 4.843750e-02 nan -nan(ind) -nan(ind)
4.843750e-02 5.000000e-02 nan 8.033495e-01 5.213649e-01
5.000000e-02 0.000000e+00 -nan(ind) 6.299038e-01 5.956105e-01
5.000000e-02 1.562500e-03 -nan(ind) 6.396585e-01 5.955235e-01
5.000000e-02 3.125000e-03 -nan(ind) 6.492777e-01 5.952625e-01
5.000000e-02 4.687500e-03 -nan(ind) 6.587463e-01 5.948278e-01
5.000000e-02 6.250000e-03 -nan(ind) 6.680494e-01 5.942197e-01
5.000000e-02 7.812500e-03 -nan(ind) 6.771723e-01 5.934386e-01
5.000000e-02 9.375000e-03 -nan(ind) 6.861005e-01 5.924852e-01
5.000000e-02 1.093750e-02 -nan(ind) 6.948195e-01 5.913601e-01
5.000000e-02 1.250000e-02 -nan(ind) 7.033151e-01 5.900643e-01
5.000000e-02 1.406250e-02 -nan(ind) 7.115735e-01 5.885987e-01
5.000000e-02 1.562500e-02 -nan(ind) 7.195809e-01 5.869643e-01
5.000000e-02 1.718750e-02 -nan(ind) 7.273240e-01 5.851626e-01
5.000000e-02 1.875000e-02 -nan(ind) 7.347895e-01 5.831948e-01
5.000000e-02 2.031250e-02 -nan(ind) 7.419648e-01 5.810624e-01
5.000000e-02 2.187500e-02 -nan(ind) 7.488373e-01 5.787670e-01
5.000000e-02 2.343750e-02 -nan(ind) 7.553949e-01 5.763104e-01
5.000000e-02 2.500000e-02 -nan(ind) 7.616260e-01 5.736945e-01
5.000000e-02 2.656250e-02 -nan(ind) 7.675192e-01 5.709212e-01
5.000000e-02 2.812500e-02 -nan(ind) 7.730637e-01 5.679925e-01
5.000000e-02 2.968750e-02 -nan(ind) 7.782489e-01 5.649108e-01
5.000000e-02 3.125000e-02 -nan(ind) 7.830648e-01 5.616784e-01
5.000000e-02 3.281250e-02 -nan(ind) 7.875018e-01 5.582976e-01
5.000000e-02 3.437500e-02 -nan(ind) 7.915510e-01 5.547710e-01
5.000000e-02 3.593750e-02 -nan(ind) 7.952038e-01 5.511012e-01
5.000000e-02 3.750000e-02 -nan(ind) 7.984520e-01 5.472911e-01
5.000000e-02 3.906250e-02 -nan(ind) 8.012882e-01 5.433434e-01
5.000000e-02 4.062500e-02 -nan(ind) 8.037054e-01 5.392610e-01
5.000000e-02 4.218750e-02 -nan(ind) 8.056971e-01 5.350472e-01
5.000000e-02 4.375000e-02 -nan(ind) 8.072575e-01 5.307048e-01
5.000000e-02 4.531250e-02 -nan(ind) 8.083814e-01 5.262373e-01
5.000000e-02 4.687500e-02 -nan(ind) 8.090639e-01 5.216478e-01
5.000000e-02 4.843750e-02 nan 8.093011e-01 5.169399e-01
5.000000e-02 5.000000e-02 nan 8.090893e-01 5.121168e-01
